<?xml version="1.0" encoding="UTF-8"?>
<!-- Generated by org.testng.reporters.JUnitReportReporter -->
<testsuite skipped="0" hostname="DESKTOP-BH1F0C3" name="WebApp.Demo1" tests="1" failures="0" timestamp="14 Apr 2022 06:21:41 GMT" time="36.233" errors="0">
  <testcase name="testcase1" time="36.233" classname="WebApp.Demo1"/>
</testsuite> <!-- WebApp.Demo1 -->
